2023-04-02 23:14:52 [INFO] [API] POST /wallet/addmoney
2023-04-02 23:14:56 [INFO] [API] POST /wallet/addmoney
2023-04-02 23:15:03 [INFO] [API] POST /wallet/sendmoney
2023-04-02 23:18:55 [INFO] [API] POST /wallet/addmoney
2023-04-02 23:19:25 [INFO] [API] POST /wallet/addmoney
2023-04-02 23:19:44 [INFO] [API] POST /wallet/addmoney
2023-04-02 23:19:55 [INFO] [API] POST /wallet/addmoney
2023-04-02 23:21:21 [INFO] [API] POST /wallet/sendmoney
2023-04-02 23:21:24 [INFO] [API] POST /wallet/sendmoney
2023-04-02 23:25:44 [INFO] [API] GET /auth/login
2023-04-02 23:25:52 [INFO] [API] POST /wallet/addmoney
2023-04-02 23:26:03 [INFO] [API] POST /wallet/addmoney
2023-04-02 23:26:09 [INFO] [API] GET /auth/login
2023-04-02 23:26:12 [INFO] [API] POST /wallet/addmoney
2023-04-02 23:26:16 [INFO] [API] POST /wallet/sendmoney
2023-04-02 23:26:30 [INFO] [API] POST /wallet/sendmoney
2023-04-02 23:27:31 [INFO] [API] GET /view/passbook
2023-04-02 23:28:40 [INFO] [API] GET /view/getallusers
2023-04-03 12:22:08 [INFO] [API] GET /view/getallusers
2023-04-03 12:22:11 [INFO] [API] GET /auth/login
2023-04-03 12:22:22 [INFO] [API] POST /wallet/addmoney
2023-04-03 12:22:24 [INFO] [API] POST /wallet/sendmoney
2023-04-03 12:22:28 [INFO] [API] GET /view/passbook
2023-04-03 12:22:31 [INFO] [API] GET /view/getallusers
2023-04-03 12:30:26 [INFO] [API] GET /auth/register
2023-04-03 12:40:46 [INFO] [API] GET /auth/register
2023-04-03 12:40:46 [INFO] [API] GET /favicon.ico
2023-04-03 12:41:37 [INFO] [API] GET /auth/register
2023-04-03 12:41:38 [INFO] [API] GET /favicon.ico
2023-04-03 12:41:46 [INFO] [API] GET /auth/register
2023-04-03 12:41:46 [INFO] [API] GET /favicon.ico
2023-04-03 12:42:38 [INFO] [API] POST /wallet/sendmoney
2023-04-03 12:42:43 [INFO] [API] GET /wallet/sendmoney
2023-04-03 12:42:47 [INFO] [API] POST /wallet/sendmoney
